<?xml version="1.0" encoding="UTF-8"?>
<!-- Generated by org.testng.reporters.JUnitXMLReporter -->
<testsuite hostname="DESKTOP-E69K95O" ignored="0" name="Test" tests="12" failures="2" timestamp="2021-09-27T21:20:03 EDT" time="0.116" errors="0">
  <testcase name="@BeforeTest initializingBrowser" time="-1.632792002999E9" classname="com.automationPractice.RegistationOfAutomationPractice">
    <failure type="org.testng.TestNGException" message="
Parameter &amp;apos;browser&amp;apos; is required by BeforeTest on method initializingBrowser but has not been marked @Optional or defined
in C:\Users\Agile1Tech\Desktop\July_2021_workspace\Amazon\testng.xml">
      <![CDATA[org.testng.TestNGException: 
Parameter 'browser' is required by BeforeTest on method initializingBrowser but has not been marked @Optional or defined
in C:\Users\Agile1Tech\Desktop\July_2021_workspace\Amazon\testng.xml
... Removed 21 stack frames]]>
    </failure>
  </testcase> <!-- @BeforeTest initializingBrowser -->
  <testcase name="@AfterTest closebrowser" time="-1.632792003108E9" classname="com.automationPractice.RegistationOfAutomationPractice">
    <skipped/>
  </testcase> <!-- @AfterTest closebrowser -->
  <testcase name="Signin" time="0.0" classname="com.automationPractice.RegistationOfAutomationPractice">
    <skipped/>
  </testcase> <!-- Signin -->
  <testcase name="createaccount" time="0.0" classname="com.automationPractice.RegistationOfAutomationPractice">
    <failure type="org.testng.TestNGException" message="
Parameter &amp;apos;emailAdd&amp;apos; is required by @Test on method createaccount but has not been marked @Optional or defined
in C:\Users\Agile1Tech\Desktop\July_2021_workspace\Amazon\testng.xml">
      <![CDATA[org.testng.TestNGException: 
Parameter 'emailAdd' is required by @Test on method createaccount but has not been marked @Optional or defined
in C:\Users\Agile1Tech\Desktop\July_2021_workspace\Amazon\testng.xml
at java.util.ArrayList.forEach(Unknown Source)
... Removed 26 stack frames]]>
    </failure>
  </testcase> <!-- createaccount -->
  <testcase name="createAccountForm" time="0.0" classname="com.automationPractice.RegistationOfAutomationPractice">
    <skipped/>
  </testcase> <!-- createAccountForm -->
  <testcase name="firstName" time="0.0" classname="com.automationPractice.RegistationOfAutomationPractice">
    <failure type="org.testng.TestNGException" message="
Parameter &amp;apos;firstName&amp;apos; is required by @Test on method firstName but has not been marked @Optional or defined
in C:\Users\Agile1Tech\Desktop\July_2021_workspace\Amazon\testng.xml">
      <![CDATA[org.testng.TestNGException: 
Parameter 'firstName' is required by @Test on method firstName but has not been marked @Optional or defined
in C:\Users\Agile1Tech\Desktop\July_2021_workspace\Amazon\testng.xml
at java.util.ArrayList.forEach(Unknown Source)
... Removed 26 stack frames]]>
    </failure>
  </testcase> <!-- firstName -->
  <testcase name="lastName" time="0.0" classname="com.automationPractice.RegistationOfAutomationPractice">
    <skipped/>
  </testcase> <!-- lastName -->
  <testcase name="password" time="0.0" classname="com.automationPractice.RegistationOfAutomationPractice">
    <skipped/>
  </testcase> <!-- password -->
  <testcase name="dateOfBirth" time="0.0" classname="com.automationPractice.RegistationOfAutomationPractice">
    <skipped/>
  </testcase> <!-- dateOfBirth -->
  <testcase name="newsLetter" time="0.0" classname="com.automationPractice.RegistationOfAutomationPractice">
    <skipped/>
  </testcase> <!-- newsLetter -->
  <testcase name="address" time="0.0" classname="com.automationPractice.RegistationOfAutomationPractice">
    <skipped/>
  </testcase> <!-- address -->
  <testcase name="mobile" time="0.0" classname="com.automationPractice.RegistationOfAutomationPractice">
    <skipped/>
  </testcase> <!-- mobile -->
  <testcase name="validateUserAbleToRegister" time="0.0" classname="com.automationPractice.RegistationOfAutomationPractice">
    <skipped/>
  </testcase> <!-- validateUserAbleToRegister -->
  <testcase name="validateUserName" time="0.0" classname="com.automationPractice.RegistationOfAutomationPractice">
    <skipped/>
  </testcase> <!-- validateUserName -->
</testsuite> <!-- Test -->
