<?xml version="1.0" encoding="UTF-8"?>
<!-- Generated by org.testng.reporters.JUnitReportReporter -->
<testsuite skipped="10" hostname="DESKTOP-E69K95O" name="com.automationPractice.RegistationOfAutomationPractice" tests="13" failures="0" timestamp="2021-09-27T21:20:03 EDT" time="-1632791936.000" errors="3">
  <testcase name="initializingBrowser" time="-1632791936.000" classname="com.automationPractice.RegistationOfAutomationPractice">
    <error type="org.testng.TestNGException" message="
Parameter &#039;browser&#039; is required by BeforeTest on method initializingBrowser but has not been marked @Optional or defined
in C:\Users\Agile1Tech\Desktop\July_2021_workspace\Amazon\testng.xml">
      <![CDATA[org.testng.TestNGException: 
Parameter 'browser' is required by BeforeTest on method initializingBrowser but has not been marked @Optional or defined
in C:\Users\Agile1Tech\Desktop\July_2021_workspace\Amazon\testng.xml
at org.testng.internal.Parameters.createParams(Parameters.java:270)
at org.testng.internal.Parameters.createParametersForMethod(Parameters.java:358)
at org.testng.internal.Parameters.createParameters(Parameters.java:700)
at org.testng.internal.Parameters.createConfigurationParameters(Parameters.java:168)
at org.testng.internal.ConfigInvoker.invokeConfigurations(ConfigInvoker.java:302)
at org.testng.TestRunner.invokeTestConfigurations(TestRunner.java:637)
at org.testng.TestRunner.beforeRun(TestRunner.java:627)
at org.testng.TestRunner.run(TestRunner.java:589)
at org.testng.SuiteRunner.runTest(SuiteRunner.java:377)
at org.testng.SuiteRunner.runSequentially(SuiteRunner.java:371)
at org.testng.SuiteRunner.privateRun(SuiteRunner.java:332)
at org.testng.SuiteRunner.run(SuiteRunner.java:276)
at org.testng.SuiteRunnerWorker.runSuite(SuiteRunnerWorker.java:53)
at org.testng.SuiteRunnerWorker.run(SuiteRunnerWorker.java:96)
at org.testng.TestNG.runSuitesSequentially(TestNG.java:1212)
at org.testng.TestNG.runSuitesLocally(TestNG.java:1134)
at org.testng.TestNG.runSuites(TestNG.java:1063)
at org.testng.TestNG.run(TestNG.java:1031)
at org.testng.remote.AbstractRemoteTestNG.run(AbstractRemoteTestNG.java:115)
at org.testng.remote.RemoteTestNG.initAndRun(RemoteTestNG.java:251)
at org.testng.remote.RemoteTestNG.main(RemoteTestNG.java:77)
]]>
    </error>
  </testcase> <!-- initializingBrowser -->
  <system-out/>
  <testcase name="Signin" time="0.000" classname="com.automationPractice.RegistationOfAutomationPractice">
    <skipped/>
  </testcase> <!-- Signin -->
  <system-out/>
  <testcase name="createaccount" time="0.000" classname="com.automationPractice.RegistationOfAutomationPractice">
    <error type="org.testng.TestNGException" message="
Parameter &#039;emailAdd&#039; is required by @Test on method createaccount but has not been marked @Optional or defined
in C:\Users\Agile1Tech\Desktop\July_2021_workspace\Amazon\testng.xml">
      <![CDATA[org.testng.TestNGException: 
Parameter 'emailAdd' is required by @Test on method createaccount but has not been marked @Optional or defined
in C:\Users\Agile1Tech\Desktop\July_2021_workspace\Amazon\testng.xml
at org.testng.internal.Parameters.createParams(Parameters.java:270)
at org.testng.internal.Parameters.createParametersForMethod(Parameters.java:358)
at org.testng.internal.Parameters.createParameters(Parameters.java:700)
at org.testng.internal.Parameters.handleParameters(Parameters.java:884)
at org.testng.internal.Parameters.handleParameters(Parameters.java:740)
at org.testng.internal.ParameterHandler.handleParameters(ParameterHandler.java:59)
at org.testng.internal.ParameterHandler.createParameters(ParameterHandler.java:38)
at org.testng.internal.TestInvoker$MethodInvocationAgent.invoke(TestInvoker.java:791)
at org.testng.internal.TestInvoker.invokeTestMethods(TestInvoker.java:146)
at org.testng.internal.TestMethodWorker.invokeTestMethods(TestMethodWorker.java:146)
at org.testng.internal.TestMethodWorker.run(TestMethodWorker.java:128)
at java.util.ArrayList.forEach(Unknown Source)
at org.testng.TestRunner.privateRun(TestRunner.java:794)
at org.testng.TestRunner.run(TestRunner.java:596)
at org.testng.SuiteRunner.runTest(SuiteRunner.java:377)
at org.testng.SuiteRunner.runSequentially(SuiteRunner.java:371)
at org.testng.SuiteRunner.privateRun(SuiteRunner.java:332)
at org.testng.SuiteRunner.run(SuiteRunner.java:276)
at org.testng.SuiteRunnerWorker.runSuite(SuiteRunnerWorker.java:53)
at org.testng.SuiteRunnerWorker.run(SuiteRunnerWorker.java:96)
at org.testng.TestNG.runSuitesSequentially(TestNG.java:1212)
at org.testng.TestNG.runSuitesLocally(TestNG.java:1134)
at org.testng.TestNG.runSuites(TestNG.java:1063)
at org.testng.TestNG.run(TestNG.java:1031)
at org.testng.remote.AbstractRemoteTestNG.run(AbstractRemoteTestNG.java:115)
at org.testng.remote.RemoteTestNG.initAndRun(RemoteTestNG.java:251)
at org.testng.remote.RemoteTestNG.main(RemoteTestNG.java:77)
]]>
    </error>
  </testcase> <!-- createaccount -->
  <system-out/>
  <testcase name="createAccountForm" time="0.000" classname="com.automationPractice.RegistationOfAutomationPractice">
    <skipped/>
  </testcase> <!-- createAccountForm -->
  <system-out/>
  <testcase name="firstName" time="0.000" classname="com.automationPractice.RegistationOfAutomationPractice">
    <error type="org.testng.TestNGException" message="
Parameter &#039;firstName&#039; is required by @Test on method firstName but has not been marked @Optional or defined
in C:\Users\Agile1Tech\Desktop\July_2021_workspace\Amazon\testng.xml">
      <![CDATA[org.testng.TestNGException: 
Parameter 'firstName' is required by @Test on method firstName but has not been marked @Optional or defined
in C:\Users\Agile1Tech\Desktop\July_2021_workspace\Amazon\testng.xml
at org.testng.internal.Parameters.createParams(Parameters.java:270)
at org.testng.internal.Parameters.createParametersForMethod(Parameters.java:358)
at org.testng.internal.Parameters.createParameters(Parameters.java:700)
at org.testng.internal.Parameters.handleParameters(Parameters.java:884)
at org.testng.internal.Parameters.handleParameters(Parameters.java:740)
at org.testng.internal.ParameterHandler.handleParameters(ParameterHandler.java:59)
at org.testng.internal.ParameterHandler.createParameters(ParameterHandler.java:38)
at org.testng.internal.TestInvoker$MethodInvocationAgent.invoke(TestInvoker.java:791)
at org.testng.internal.TestInvoker.invokeTestMethods(TestInvoker.java:146)
at org.testng.internal.TestMethodWorker.invokeTestMethods(TestMethodWorker.java:146)
at org.testng.internal.TestMethodWorker.run(TestMethodWorker.java:128)
at java.util.ArrayList.forEach(Unknown Source)
at org.testng.TestRunner.privateRun(TestRunner.java:794)
at org.testng.TestRunner.run(TestRunner.java:596)
at org.testng.SuiteRunner.runTest(SuiteRunner.java:377)
at org.testng.SuiteRunner.runSequentially(SuiteRunner.java:371)
at org.testng.SuiteRunner.privateRun(SuiteRunner.java:332)
at org.testng.SuiteRunner.run(SuiteRunner.java:276)
at org.testng.SuiteRunnerWorker.runSuite(SuiteRunnerWorker.java:53)
at org.testng.SuiteRunnerWorker.run(SuiteRunnerWorker.java:96)
at org.testng.TestNG.runSuitesSequentially(TestNG.java:1212)
at org.testng.TestNG.runSuitesLocally(TestNG.java:1134)
at org.testng.TestNG.runSuites(TestNG.java:1063)
at org.testng.TestNG.run(TestNG.java:1031)
at org.testng.remote.AbstractRemoteTestNG.run(AbstractRemoteTestNG.java:115)
at org.testng.remote.RemoteTestNG.initAndRun(RemoteTestNG.java:251)
at org.testng.remote.RemoteTestNG.main(RemoteTestNG.java:77)
]]>
    </error>
  </testcase> <!-- firstName -->
  <system-out/>
  <testcase name="lastName" time="0.000" classname="com.automationPractice.RegistationOfAutomationPractice">
    <skipped/>
  </testcase> <!-- lastName -->
  <system-out/>
  <testcase name="password" time="0.000" classname="com.automationPractice.RegistationOfAutomationPractice">
    <skipped/>
  </testcase> <!-- password -->
  <system-out/>
  <testcase name="dateOfBirth" time="0.000" classname="com.automationPractice.RegistationOfAutomationPractice">
    <skipped/>
  </testcase> <!-- dateOfBirth -->
  <system-out/>
  <testcase name="newsLetter" time="0.000" classname="com.automationPractice.RegistationOfAutomationPractice">
    <skipped/>
  </testcase> <!-- newsLetter -->
  <system-out/>
  <testcase name="address" time="0.000" classname="com.automationPractice.RegistationOfAutomationPractice">
    <skipped/>
  </testcase> <!-- address -->
  <system-out/>
  <testcase name="mobile" time="0.000" classname="com.automationPractice.RegistationOfAutomationPractice">
    <skipped/>
  </testcase> <!-- mobile -->
  <system-out/>
  <testcase name="validateUserAbleToRegister" time="0.000" classname="com.automationPractice.RegistationOfAutomationPractice">
    <skipped/>
  </testcase> <!-- validateUserAbleToRegister -->
  <system-out/>
  <testcase name="validateUserName" time="0.000" classname="com.automationPractice.RegistationOfAutomationPractice">
    <skipped/>
  </testcase> <!-- validateUserName -->
  <system-out/>
</testsuite> <!-- com.automationPractice.RegistationOfAutomationPractice -->
