<?xml version="1.0" encoding="UTF-8"?>
<!-- Generated by org.testng.reporters.JUnitXMLReporter -->
<testsuite hostname="DESKTOP-E69K95O" ignored="0" name="Test2" tests="12" failures="0" timestamp="2021-09-15T20:36:39 EDT" time="0.165" errors="0">
  <testcase name="@BeforeTest initializingBrowser" time="0.065" classname="com.automationPractice.RegistationOfAutomationPractice">
    <failure type="java.lang.IllegalStateException" message="The driver executable does not exist: C:\Users\Agile1Tech\Desktop\July_2021_workspace\learningTestNg2\user.dir\driver\chromedriver.exe">
      <![CDATA[java.lang.IllegalStateException: The driver executable does not exist: C:\Users\Agile1Tech\Desktop\July_2021_workspace\learningTestNg2\user.dir\driver\chromedriver.exe
at com.google.common.base.Preconditions.checkState(Preconditions.java:199)
at org.openqa.selenium.remote.service.DriverService.checkExecutable(DriverService.java:121)
at org.openqa.selenium.remote.service.DriverService.findExecutable(DriverService.java:116)
at org.openqa.selenium.ie.InternetExplorerDriverService.access$0(InternetExplorerDriverService.java:1)
at org.openqa.selenium.ie.InternetExplorerDriverService$Builder.findDefaultExecutable(InternetExplorerDriverService.java:167)
at org.openqa.selenium.remote.service.DriverService$Builder.build(DriverService.java:296)
at org.openqa.selenium.ie.InternetExplorerDriver.setupService(InternetExplorerDriver.java:251)
at org.openqa.selenium.ie.InternetExplorerDriver.<init>(InternetExplorerDriver.java:172)
at org.openqa.selenium.ie.InternetExplorerDriver.<init>(InternetExplorerDriver.java:146)
at com.automationPractice.RegistationOfAutomationPractice.initializingBrowser(RegistationOfAutomationPractice.java:37)
at java.util.concurrent.FutureTask.run(Unknown Source)
at java.util.concurrent.ThreadPoolExecutor.runWorker(Unknown Source)
at java.util.concurrent.ThreadPoolExecutor$Worker.run(Unknown Source)
at java.lang.Thread.run(Unknown Source)
... Removed 15 stack frames]]>
    </failure>
  </testcase> <!-- @BeforeTest initializingBrowser -->
  <testcase name="@BeforeTest initializingBrowser" time="0.065" classname="com.automationPractice.RegistationOfAutomationPractice">
    <failure type="java.lang.IllegalStateException" message="The driver executable does not exist: C:\Users\Agile1Tech\Desktop\July_2021_workspace\learningTestNg2\user.dir\driver\chromedriver.exe">
      <![CDATA[java.lang.IllegalStateException: The driver executable does not exist: C:\Users\Agile1Tech\Desktop\July_2021_workspace\learningTestNg2\user.dir\driver\chromedriver.exe
at com.google.common.base.Preconditions.checkState(Preconditions.java:199)
at org.openqa.selenium.remote.service.DriverService.checkExecutable(DriverService.java:121)
at org.openqa.selenium.remote.service.DriverService.findExecutable(DriverService.java:116)
at org.openqa.selenium.ie.InternetExplorerDriverService.access$0(InternetExplorerDriverService.java:1)
at org.openqa.selenium.ie.InternetExplorerDriverService$Builder.findDefaultExecutable(InternetExplorerDriverService.java:167)
at org.openqa.selenium.remote.service.DriverService$Builder.build(DriverService.java:296)
at org.openqa.selenium.ie.InternetExplorerDriver.setupService(InternetExplorerDriver.java:251)
at org.openqa.selenium.ie.InternetExplorerDriver.<init>(InternetExplorerDriver.java:172)
at org.openqa.selenium.ie.InternetExplorerDriver.<init>(InternetExplorerDriver.java:146)
at com.automationPractice.RegistationOfAutomationPractice.initializingBrowser(RegistationOfAutomationPractice.java:37)
at java.util.concurrent.FutureTask.run(Unknown Source)
at java.util.concurrent.ThreadPoolExecutor.runWorker(Unknown Source)
at java.util.concurrent.ThreadPoolExecutor$Worker.run(Unknown Source)
at java.lang.Thread.run(Unknown Source)
... Removed 15 stack frames]]>
    </failure>
  </testcase> <!-- @BeforeTest initializingBrowser -->
  <testcase name="@AfterTest closebrowser" time="-1.631752599929E9" classname="com.automationPractice.RegistationOfAutomationPractice">
    <skipped/>
  </testcase> <!-- @AfterTest closebrowser -->
  <testcase name="@AfterTest closebrowser" time="-1.631752599929E9" classname="com.automationPractice.RegistationOfAutomationPractice">
    <skipped/>
  </testcase> <!-- @AfterTest closebrowser -->
  <testcase name="Signin" time="0.0" classname="com.automationPractice.RegistationOfAutomationPractice">
    <skipped/>
  </testcase> <!-- Signin -->
  <testcase name="createaccount" time="0.0" classname="com.automationPractice.RegistationOfAutomationPractice">
    <skipped/>
  </testcase> <!-- createaccount -->
  <testcase name="createAccountForm" time="0.0" classname="com.automationPractice.RegistationOfAutomationPractice">
    <skipped/>
  </testcase> <!-- createAccountForm -->
  <testcase name="firstName" time="0.0" classname="com.automationPractice.RegistationOfAutomationPractice">
    <skipped/>
  </testcase> <!-- firstName -->
  <testcase name="lastName" time="0.0" classname="com.automationPractice.RegistationOfAutomationPractice">
    <skipped/>
  </testcase> <!-- lastName -->
  <testcase name="password" time="0.0" classname="com.automationPractice.RegistationOfAutomationPractice">
    <skipped/>
  </testcase> <!-- password -->
  <testcase name="dateOfBirth" time="0.0" classname="com.automationPractice.RegistationOfAutomationPractice">
    <skipped/>
  </testcase> <!-- dateOfBirth -->
  <testcase name="newsLetter" time="0.0" classname="com.automationPractice.RegistationOfAutomationPractice">
    <skipped/>
  </testcase> <!-- newsLetter -->
  <testcase name="address" time="0.0" classname="com.automationPractice.RegistationOfAutomationPractice">
    <skipped/>
  </testcase> <!-- address -->
  <testcase name="mobile" time="0.0" classname="com.automationPractice.RegistationOfAutomationPractice">
    <skipped/>
  </testcase> <!-- mobile -->
  <testcase name="validateUserAbleToRegister" time="0.0" classname="com.automationPractice.RegistationOfAutomationPractice">
    <skipped/>
  </testcase> <!-- validateUserAbleToRegister -->
  <testcase name="validateUserName" time="0.0" classname="com.automationPractice.RegistationOfAutomationPractice">
    <skipped/>
  </testcase> <!-- validateUserName -->
</testsuite> <!-- Test2 -->
