<?xml version="1.0" encoding="UTF-8"?>
<!-- Generated by org.testng.reporters.JUnitXMLReporter -->
<testsuite hostname="DESKTOP-E69K95O" ignored="0" name="Default test" tests="12" failures="2" timestamp="2021-09-20T19:27:29 EDT" time="0.12" errors="0">
  <testcase name="@BeforeTest initializingBrowser" time="-1.632180449701E9" classname="com.automationPractice.RegistationOfAutomationPractice">
    <failure type="org.testng.TestNGException" message="
Parameter &amp;apos;browser&amp;apos; is required by BeforeTest on method initializingBrowser but has not been marked @Optional or defined
in C:\Users\Agile1Tech\AppData\Local\Temp\testng-eclipse--1908526379\testng-customsuite.xml">
      <![CDATA[org.testng.TestNGException: 
Parameter 'browser' is required by BeforeTest on method initializingBrowser but has not been marked @Optional or defined
in C:\Users\Agile1Tech\AppData\Local\Temp\testng-eclipse--1908526379\testng-customsuite.xml
at org.testng.internal.Parameters.createParams(Parameters.java:270)
at org.testng.internal.Parameters.createParametersForMethod(Parameters.java:358)
at org.testng.internal.Parameters.createParameters(Parameters.java:700)
at org.testng.internal.Parameters.createConfigurationParameters(Parameters.java:168)
at org.testng.internal.ConfigInvoker.invokeConfigurations(ConfigInvoker.java:302)
at org.testng.TestRunner.invokeTestConfigurations(TestRunner.java:637)
at org.testng.TestRunner.beforeRun(TestRunner.java:627)
at org.testng.TestRunner.run(TestRunner.java:589)
at org.testng.SuiteRunner.runTest(SuiteRunner.java:377)
at org.testng.SuiteRunner.runSequentially(SuiteRunner.java:371)
at org.testng.SuiteRunner.privateRun(SuiteRunner.java:332)
at org.testng.SuiteRunner.run(SuiteRunner.java:276)
at org.testng.SuiteRunnerWorker.runSuite(SuiteRunnerWorker.java:53)
at org.testng.SuiteRunnerWorker.run(SuiteRunnerWorker.java:96)
at org.testng.TestNG.runSuitesSequentially(TestNG.java:1212)
at org.testng.TestNG.runSuitesLocally(TestNG.java:1134)
at org.testng.TestNG.runSuites(TestNG.java:1063)
at org.testng.TestNG.run(TestNG.java:1031)
at org.testng.remote.AbstractRemoteTestNG.run(AbstractRemoteTestNG.java:115)
at org.testng.remote.RemoteTestNG.initAndRun(RemoteTestNG.java:251)
at org.testng.remote.RemoteTestNG.main(RemoteTestNG.java:77)
]]>
    </failure>
  </testcase> <!-- @BeforeTest initializingBrowser -->
  <testcase name="@AfterTest closebrowser" time="-1.632180449812E9" classname="com.automationPractice.RegistationOfAutomationPractice">
    <skipped/>
  </testcase> <!-- @AfterTest closebrowser -->
  <testcase name="Signin" time="0.0" classname="com.automationPractice.RegistationOfAutomationPractice">
    <skipped/>
  </testcase> <!-- Signin -->
  <testcase name="createaccount" time="0.0" classname="com.automationPractice.RegistationOfAutomationPractice">
    <failure type="org.testng.TestNGException" message="
Parameter &amp;apos;emailAdd&amp;apos; is required by @Test on method createaccount but has not been marked @Optional or defined
in C:\Users\Agile1Tech\AppData\Local\Temp\testng-eclipse--1908526379\testng-customsuite.xml">
      <![CDATA[org.testng.TestNGException: 
Parameter 'emailAdd' is required by @Test on method createaccount but has not been marked @Optional or defined
in C:\Users\Agile1Tech\AppData\Local\Temp\testng-eclipse--1908526379\testng-customsuite.xml
at org.testng.internal.Parameters.createParams(Parameters.java:270)
at org.testng.internal.Parameters.createParametersForMethod(Parameters.java:358)
at org.testng.internal.Parameters.createParameters(Parameters.java:700)
at org.testng.internal.Parameters.handleParameters(Parameters.java:884)
at org.testng.internal.Parameters.handleParameters(Parameters.java:740)
at org.testng.internal.ParameterHandler.handleParameters(ParameterHandler.java:59)
at org.testng.internal.ParameterHandler.createParameters(ParameterHandler.java:38)
at org.testng.internal.TestInvoker$MethodInvocationAgent.invoke(TestInvoker.java:791)
at org.testng.internal.TestInvoker.invokeTestMethods(TestInvoker.java:146)
at org.testng.internal.TestMethodWorker.invokeTestMethods(TestMethodWorker.java:146)
at org.testng.internal.TestMethodWorker.run(TestMethodWorker.java:128)
at java.util.ArrayList.forEach(Unknown Source)
at org.testng.TestRunner.privateRun(TestRunner.java:794)
at org.testng.TestRunner.run(TestRunner.java:596)
at org.testng.SuiteRunner.runTest(SuiteRunner.java:377)
at org.testng.SuiteRunner.runSequentially(SuiteRunner.java:371)
at org.testng.SuiteRunner.privateRun(SuiteRunner.java:332)
at org.testng.SuiteRunner.run(SuiteRunner.java:276)
at org.testng.SuiteRunnerWorker.runSuite(SuiteRunnerWorker.java:53)
at org.testng.SuiteRunnerWorker.run(SuiteRunnerWorker.java:96)
at org.testng.TestNG.runSuitesSequentially(TestNG.java:1212)
at org.testng.TestNG.runSuitesLocally(TestNG.java:1134)
at org.testng.TestNG.runSuites(TestNG.java:1063)
at org.testng.TestNG.run(TestNG.java:1031)
at org.testng.remote.AbstractRemoteTestNG.run(AbstractRemoteTestNG.java:115)
at org.testng.remote.RemoteTestNG.initAndRun(RemoteTestNG.java:251)
at org.testng.remote.RemoteTestNG.main(RemoteTestNG.java:77)
]]>
    </failure>
  </testcase> <!-- createaccount -->
  <testcase name="createAccountForm" time="0.0" classname="com.automationPractice.RegistationOfAutomationPractice">
    <skipped/>
  </testcase> <!-- createAccountForm -->
  <testcase name="firstName" time="0.0" classname="com.automationPractice.RegistationOfAutomationPractice">
    <failure type="org.testng.TestNGException" message="
Parameter &amp;apos;firstName&amp;apos; is required by @Test on method firstName but has not been marked @Optional or defined
in C:\Users\Agile1Tech\AppData\Local\Temp\testng-eclipse--1908526379\testng-customsuite.xml">
      <![CDATA[org.testng.TestNGException: 
Parameter 'firstName' is required by @Test on method firstName but has not been marked @Optional or defined
in C:\Users\Agile1Tech\AppData\Local\Temp\testng-eclipse--1908526379\testng-customsuite.xml
at org.testng.internal.Parameters.createParams(Parameters.java:270)
at org.testng.internal.Parameters.createParametersForMethod(Parameters.java:358)
at org.testng.internal.Parameters.createParameters(Parameters.java:700)
at org.testng.internal.Parameters.handleParameters(Parameters.java:884)
at org.testng.internal.Parameters.handleParameters(Parameters.java:740)
at org.testng.internal.ParameterHandler.handleParameters(ParameterHandler.java:59)
at org.testng.internal.ParameterHandler.createParameters(ParameterHandler.java:38)
at org.testng.internal.TestInvoker$MethodInvocationAgent.invoke(TestInvoker.java:791)
at org.testng.internal.TestInvoker.invokeTestMethods(TestInvoker.java:146)
at org.testng.internal.TestMethodWorker.invokeTestMethods(TestMethodWorker.java:146)
at org.testng.internal.TestMethodWorker.run(TestMethodWorker.java:128)
at java.util.ArrayList.forEach(Unknown Source)
at org.testng.TestRunner.privateRun(TestRunner.java:794)
at org.testng.TestRunner.run(TestRunner.java:596)
at org.testng.SuiteRunner.runTest(SuiteRunner.java:377)
at org.testng.SuiteRunner.runSequentially(SuiteRunner.java:371)
at org.testng.SuiteRunner.privateRun(SuiteRunner.java:332)
at org.testng.SuiteRunner.run(SuiteRunner.java:276)
at org.testng.SuiteRunnerWorker.runSuite(SuiteRunnerWorker.java:53)
at org.testng.SuiteRunnerWorker.run(SuiteRunnerWorker.java:96)
at org.testng.TestNG.runSuitesSequentially(TestNG.java:1212)
at org.testng.TestNG.runSuitesLocally(TestNG.java:1134)
at org.testng.TestNG.runSuites(TestNG.java:1063)
at org.testng.TestNG.run(TestNG.java:1031)
at org.testng.remote.AbstractRemoteTestNG.run(AbstractRemoteTestNG.java:115)
at org.testng.remote.RemoteTestNG.initAndRun(RemoteTestNG.java:251)
at org.testng.remote.RemoteTestNG.main(RemoteTestNG.java:77)
]]>
    </failure>
  </testcase> <!-- firstName -->
  <testcase name="lastName" time="0.0" classname="com.automationPractice.RegistationOfAutomationPractice">
    <skipped/>
  </testcase> <!-- lastName -->
  <testcase name="password" time="0.0" classname="com.automationPractice.RegistationOfAutomationPractice">
    <skipped/>
  </testcase> <!-- password -->
  <testcase name="dateOfBirth" time="0.0" classname="com.automationPractice.RegistationOfAutomationPractice">
    <skipped/>
  </testcase> <!-- dateOfBirth -->
  <testcase name="newsLetter" time="0.0" classname="com.automationPractice.RegistationOfAutomationPractice">
    <skipped/>
  </testcase> <!-- newsLetter -->
  <testcase name="address" time="0.0" classname="com.automationPractice.RegistationOfAutomationPractice">
    <skipped/>
  </testcase> <!-- address -->
  <testcase name="mobile" time="0.0" classname="com.automationPractice.RegistationOfAutomationPractice">
    <skipped/>
  </testcase> <!-- mobile -->
  <testcase name="validateUserAbleToRegister" time="0.0" classname="com.automationPractice.RegistationOfAutomationPractice">
    <skipped/>
  </testcase> <!-- validateUserAbleToRegister -->
  <testcase name="validateUserName" time="0.0" classname="com.automationPractice.RegistationOfAutomationPractice">
    <skipped/>
  </testcase> <!-- validateUserName -->
</testsuite> <!-- Default test -->
